Arguments: 
  D:\Software\nodejs\node.exe D:\Software\Yarn\bin\yarn.js init

PATH: 
  D:\Software\cmder\vendor\git-for-windows\mingw64\bin;D:\Software\cmder\vendor\git-for-windows\usr\bin;C:\Users\76968\bin;F:\java_8\jdk\bin;F:\java_8\jdk\jre\bin;F:\java_8\jre\bin;C:\Program Files (x86)\Common Files\Oracle\Java\javapath;C:\Python27;C:\Python27\Scripts;C:\WINDOWS\system32;C:\WINDOWS;C:\WINDOWS\System32\Wbem;C:\WINDOWS\System32\WindowsPowerShell\v1.0;C:\WINDOWS\System32\OpenSSH;D:\RationRose\common;D:\Software\nodejs;D:\Software\Yarn\bin;D:\Software\hugo;F:\cocos2dx\cocos2d-x-3.17\templates;F:\cocos2dx\cocos2d-x-3.17\tools\cocos2d-console\bin;C:\Users\76968\AppData\Local\Microsoft\WindowsApps;C:\Users\76968\AppData\Local\Programs\Microsoft VS Code\bin;C:\Users\76968\AppData\Roaming\npm;C:\Users\76968\AppData\Local\Yarn\bin

Yarn version: 
  1.17.3

Node version: 
  8.16.1

Platform: 
  win32 x64

Trace: 
  Error: canceled
      at Interface.<anonymous> (D:\Software\Yarn\lib\cli.js:136724:13)
      at emitNone (events.js:106:13)
      at Interface.emit (events.js:208:7)
      at Interface._ttyWrite (readline.js:774:16)
      at ReadStream.onkeypress (readline.js:158:10)
      at emitTwo (events.js:126:13)
      at ReadStream.emit (events.js:214:7)
      at emitKeys (internal/readline.js:420:14)
      at emitKeys.next (<anonymous>)
      at ReadStream.onData (readline.js:1010:36)

npm manifest: 
  No manifest

yarn manifest: 
  No manifest

Lockfile: 
  No lockfile
